 ---=== Start Migration of project AT_TALEND_JOBS ===---
 * Task [Encrypt passwords for nexus proxy password in project setting preference] : Nothing to do
 * Task [ResetMavenTemplateMigrationTask] : Applied successfully
 * Task [ReplaceMappingForGreenplumDatabaseMigrationTask] : Nothing to do
 * Task [DeletePomsFolderMigrationTask] : Applied successfully
 * Task [EncryptClientSecretMicrosoftCRMMigrationTask] : Nothing to do
 * Task [RenameTimeoutParameterstRESTClient] : Nothing to do
 * Task [RemoveDestinationPropertyExtractJSONFieldsMigrationTask] : Nothing to do
 * Task [UpdateMappingFileMigrationTask] : Nothing to do
 * Task [tFtileInputJson convert USE_NASHORN to JDK_VERSION] : Nothing to do
 * Task [Set default version in tMicrosoftCRMXxx] : Nothing to do
 * Task [Rename Netsuite components to NetSuiteLegacy] : Nothing to do
 * Task [ProjectPomTemplateMigrationTask] : Applied successfully
 * Task [RenameActionComponentsMigrationTask] : Nothing to do
 * Task [RenameActionRejectComponentMigrationTask] : Nothing to do
 * Task [Fix a problem of project resources linked to items] : Nothing to do
 * Task [ChangeDQComponentsLicenseKeyFieldTask] : Nothing to do
 * Task [ChangeJDBCConnectionsPropertiesMigrationTask] : Nothing to do
 * Task [UpdatetPersonatorOutputSchemaTask] : Nothing to do
 * Task [RemoveDeprecateSASItemMigrationTask] : Nothing to do
 * Task [RenameConnectionName4tSQSOutput] : Nothing to do
 * Task [ChangeDBVersion4tSAPConnection] : Nothing to do
 * Task [AddHourFormatToBigqueryBulkOutput] : Nothing to do
 * Task [SetDefaultValueForAttributesToElements] : Nothing to do
 * Task [UpdateEncryptTckMetadataMigrationTask] : Nothing to do
 * Task [ChangeConnectionType4tSAPADSOInput] : Nothing to do
 * Task [XSLTCheckCacheFileInMemoryTask] : Nothing to do
 * Task [ApplySecurityAfterAdvancedKafkaProperties] : Nothing to do
 * Task [ChangeDBConnectionToJDBCTypeMigrationTask] : Nothing to do
 * Task [SetKeystoreKafkaMigrationTask] : Nothing to do
 * Task [RedshiftVersion2MigrationTask] : Nothing to do
 * Task [AddUseScientificNotationCheckboxTWriteJSONField] : Nothing to do
 * Task [ChangeDbmsIdMigrationTask] : Nothing to do
 * Task [AddClientParamsToFTPTDI44761] : Nothing to do
 * Task [ChangeGoogleAnalyticsReportTableEleValueMigrationTask] : Nothing to do
 * Task [TSendMailOAuthMigrationTask] : Nothing to do
 * Task [ChangeReturnKeysDefault4tAS400Output] : Nothing to do
 * Task [UncheckBson2JsonTask] : Nothing to do
 * Task [RemoveDuplicateContextReferencesMigrationTask] : Nothing to do
 * Task [AutoUpdateRelationsMigrationTask] : Nothing to do
 ---=== End of migration ===---
 * Task [Fix a problem of project resources linked to items] : Nothing to do
 * Task [UpdateTMultiPatternCheckTask] : Applied successfully
 * Task [Update parameter "Matching Algorithm" value for MR tMatchgroup] : Nothing to do
 * Task [Update tMelissaDataAddress to add a GeoCodeResult column and an advanced parameter] : Nothing to do
 * Task [UpdatetNaivebayseModelSparkVersionTask] : Nothing to do
 * Task [UpdatetPredictSparkVersionTask] : Nothing to do
 * Task [UpdateTMatchGroupOutPutSchemaTask] : Nothing to do
 * Task [update tPatternCheck and tPatternExtract] : Nothing to do
 * Task [UpdateTMultiPatternTableParamTask] : Nothing to do
 * Task [Update TmatchGroup "ComputeGrpQuality" Param] : Nothing to do
 * Task [UpdateTStandadizePhoneNumberTask] : Nothing to do
 * Task [UpdateTDataMaskAddParamTask] : Nothing to do
 * Task [UpdateTmatchGroupGIDLengthTask] : Nothing to do
 * Task [UpdateTDataEncryptAndDecryptParamTask] : Nothing to do
 * Task [AutoUpdateRelationsMigrationTask] : Applied successfully
 ---=== End of migration ===---
