SLF4J: Class path contains multiple SLF4J bindings.
SLF4J: Found binding in [jar:file:/C:/Program%20Files%20(x86)/Talend-Studio/studio/plugins/org.eclipse.m2e.maven.runtime.slf4j.simple_1.18.0.20210402-1458/jars/slf4j-simple-1.7.5.jar!/org/slf4j/impl/StaticLoggerBinder.class]
SLF4J: Found binding in [file:/C:/Program%20Files%20(x86)/Talend-Studio/studio/configuration/org.eclipse.osgi/1160/0/.cp/org/slf4j/impl/StaticLoggerBinder.class]
SLF4J: See http://www.slf4j.org/codes.html#multiple_bindings for an explanation.
SLF4J: Actual binding is of type [org.slf4j.impl.SimpleLoggerFactory]
[INFO] Disabling enhanced local repository: using legacy is strongly discouraged to ensure build reproducibility.
[INFO] Scanning for projects...
[INFO] 
[INFO] -----< org.example.at_talend_jobs.job:koerber_data_into_snowflake >-----
[INFO] Building AT_TALEND_JOBS koerber_data_into_snowflake-0.1.0 (0.1,Job Designs) 0.1.0
[INFO] --------------------------------[ jar ]---------------------------------
[WARNING] The POM for commons-codec:commons-codec:jar:1.14 is missing, no dependency information available
[WARNING] The POM for org.apache.commons:commons-lang3:jar:3.10 is missing, no dependency information available
[WARNING] The POM for org.talend.components:talendcsv:jar:1.1.0 is missing, no dependency information available
[WARNING] The POM for org.slf4j:slf4j-api:jar:1.7.25 is missing, no dependency information available
[WARNING] The POM for org.slf4j:slf4j-api:jar:1.7.26 is missing, no dependency information available
[INFO] 
[INFO] --- builder-maven-plugin:8.0.12:generate (default) @ koerber_data_into_snowflake ---
[INFO] Skipping ci-builder
[INFO] 
[INFO] --- maven-resources-plugin:3.0.2:resources (default-resources) @ koerber_data_into_snowflake ---
[WARNING] The POM for commons-io:commons-io:jar:2.6 is missing, no dependency information available
[WARNING] The POM for org.codehaus.plexus:plexus-utils:jar:3.4.1 is missing, no dependency information available
[WARNING] The POM for org.codehaus.plexus:plexus-classworlds:jar:2.5.2 is missing, no dependency information available
[WARNING] The POM for org.slf4j:slf4j-api:jar:1.7.30 is missing, no dependency information available
[WARNING] The POM for com.google.guava:guava:jar:25.1-android is missing, no dependency information available
[WARNING] The POM for org.apache.maven:maven-core:jar:3.0 is missing, no dependency information available
[WARNING] The POM for org.apache.maven.shared:maven-shared-utils:jar:3.0.0 is missing, no dependency information available
[WARNING] Using platform encoding (UTF-8 actually) to copy filtered resources, i.e. build is platform dependent!
[INFO] Copying 1 resource
[INFO] 
[INFO] --- maven-compiler-plugin:3.6.1:compile (default-compile) @ koerber_data_into_snowflake ---
[WARNING] The POM for org.apache.commons:commons-compress:jar:1.19 is missing, no dependency information available
[WARNING] The POM for org.eclipse.platform:org.eclipse.osgi:jar:3.15.100 is missing, no dependency information available
[WARNING] The POM for org.apache.maven:maven-settings:jar:3.0 is missing, no dependency information available
[WARNING] The POM for org.apache.commons:commons-compress:jar:1.16.1 is missing, no dependency information available
[WARNING] The POM for org.apache.maven:maven-settings:jar:2.2.1 is missing, no dependency information available
[WARNING] The POM for org.sonatype.plexus:plexus-cipher:jar:1.4 is missing, no dependency information available
[WARNING] The POM for org.apache.maven.shared:maven-shared-utils:jar:0.1 is missing, no dependency information available
[INFO] Not compiling main sources
[INFO] 
[INFO] --- maven-resources-plugin:3.0.2:testResources (default-testResources) @ koerber_data_into_snowflake ---
[INFO] Not copying test resources
[INFO] 
[INFO] --- maven-compiler-plugin:3.6.1:testCompile (default-testCompile) @ koerber_data_into_snowflake ---
[INFO] Not compiling test sources
[INFO] 
[INFO] --- maven-surefire-plugin:2.20:test (default-test) @ koerber_data_into_snowflake ---
[WARNING] The POM for org.slf4j:slf4j-jdk14:jar:1.7.34 is missing, no dependency information available
[WARNING] The POM for junit:junit:jar:4.12 is missing, no dependency information available
[INFO] Tests are skipped.
[INFO] 
[INFO] --- maven-jar-plugin:3.0.2:jar (default-jar) @ koerber_data_into_snowflake ---
[WARNING] The POM for org.apache.maven.shared:maven-shared-utils:jar:3.0.1 is missing, no dependency information available
[WARNING] The POM for commons-io:commons-io:jar:2.5 is missing, no dependency information available
[WARNING] The POM for org.apache.commons:commons-compress:jar:1.11 is missing, no dependency information available
[INFO] Building jar: C:\Program Files (x86)\Talend-Studio\studio\Workspace\AT_TALEND_JOBS-1111962658\AT_TALEND_JOBS\poms\jobs\process\koerber_data_into_snowflake_0.1\target\koerber_data_into_snowflake_0_1.jar
[INFO] 
[INFO] --- maven-assembly-plugin:3.0.0:single (default) @ koerber_data_into_snowflake ---
[WARNING] The POM for org.apache.maven.shared:maven-shared-utils:jar:3.1.0 is missing, no dependency information available
[WARNING] The POM for commons-codec:commons-codec:jar:1.6 is missing, no dependency information available
[INFO] Reading assembly descriptor: C:\Program Files (x86)\Talend-Studio\studio\Workspace\AT_TALEND_JOBS-1111962658\AT_TALEND_JOBS\poms\jobs\process\koerber_data_into_snowflake_0.1/src/main/assemblies/assembly.xml
[WARNING] Missing POM for commons-codec:commons-codec:jar:1.14
[WARNING] Missing POM for org.apache.commons:commons-lang3:jar:3.10
[WARNING] Missing POM for org.talend.components:talendcsv:jar:1.1.0
[INFO] Building zip: C:\Program Files (x86)\Talend-Studio\studio\Workspace\AT_TALEND_JOBS-1111962658\AT_TALEND_JOBS\poms\jobs\process\koerber_data_into_snowflake_0.1\target\koerber_data_into_snowflake_0_1.zip
[INFO] 
[INFO] --- signer-maven-plugin:8.0.5:sign (sign) @ koerber_data_into_snowflake ---
[INFO] Start to sign the job artifact
[INFO] Start to sign artifact, the source file is koerber_data_into_snowflake_0_1.zip and target file is koerber_data_into_snowflake_0_1_sign_.zip
[INFO] ------------------------------------------------------------------------
[INFO] BUILD SUCCESS
[INFO] ------------------------------------------------------------------------
[INFO] Total time:  3.572 s
[INFO] Finished at: 2023-05-19T09:02:21-04:00
[INFO] ------------------------------------------------------------------------
